[00:46:27] [Craft Scheduler Thread - 32/INFO]: [Vault] Checking for Updates ... 
[00:46:29] [Craft Scheduler Thread - 32/INFO]: [Vault] No new version available
[01:26:43] [User Authenticator #10/INFO]: UUID of player Advreign is 8fb672d5-f258-312c-87ed-c105388f51df
[01:26:44] [Server thread/INFO]: Advreign[/157.33.30.244:49568] logged in with entity id 25609 at ([world]-87.5, 83.0, -150.5)
[02:01:40] [Server thread/INFO]: Advreign has made the advancement [Bring Home the Beacon]
[02:18:58] [Server thread/INFO]: Advreign lost connection: Disconnected
[02:18:59] [Server thread/INFO]: Advreign left the game
[02:27:05] [User Authenticator #11/INFO]: UUID of player Advreign is 8fb672d5-f258-312c-87ed-c105388f51df
[02:27:05] [Server thread/INFO]: Advreign[/157.33.30.244:50191] logged in with entity id 32289 at ([world]79.6401578770249, 64.0, -42.67501672178988)
[02:36:01] [Server thread/WARN]: Horse (vehicle of Advreign) moved wrongly! 0.33823681826688695
[02:37:40] [Server thread/WARN]: Advreign was kicked for floating too long!
[02:37:40] [Server thread/INFO]: Advreign lost connection: Flying is not enabled on this server
[02:37:40] [Server thread/INFO]: Advreign left the game
[02:37:45] [User Authenticator #12/INFO]: UUID of player Advreign is 8fb672d5-f258-312c-87ed-c105388f51df
[02:37:46] [Server thread/INFO]: Advreign[/157.33.30.244:50234] logged in with entity id 34314 at ([world]-130.70336143785255, 74.77160001635552, -285.5124306508529)
[03:22:21] [Server thread/INFO]: Advreign lost connection: Disconnected
[03:22:21] [Server thread/INFO]: Advreign left the game
[03:22:38] [User Authenticator #13/INFO]: UUID of player Advreign is 8fb672d5-f258-312c-87ed-c105388f51df
[03:22:39] [Server thread/INFO]: Advreign[/157.33.30.244:50657] logged in with entity id 38624 at ([world]41.48672731723428, 74.0, -23.22051545742945)
[03:38:18] [Server thread/INFO]: Advreign lost connection: Disconnected
[03:38:18] [Server thread/INFO]: Advreign left the game
[04:08:39] [User Authenticator #14/INFO]: UUID of player Advreign is 8fb672d5-f258-312c-87ed-c105388f51df
[04:08:39] [Server thread/INFO]: Advreign[/157.33.30.244:50815] logged in with entity id 40472 at ([world]66.34752920572531, 68.0, -84.3126657217954)
[04:20:27] [User Authenticator #15/INFO]: UUID of player DAKU_Bhau is 2093ab71-bc4d-3496-8ece-56dddfb1003e
[04:20:27] [Server thread/INFO]: DAKU_Bhau[/27.7.249.223:49499] logged in with entity id 41601 at ([world]-136.30000001192093, 62.875, -207.30757416591172)
[04:20:54] [Async Chat Thread - #15/INFO]: [m<Advreign> come heere[m
[04:21:05] [Async Chat Thread - #15/INFO]: [m<DAKU_Bhau> me ?[m
[04:21:24] [Async Chat Thread - #15/INFO]: [m<Advreign> come to my house[m
[04:21:28] [Async Chat Thread - #15/INFO]: [m<DAKU_Bhau> wait[m
[04:21:40] [Async Chat Thread - #15/INFO]: [m<DAKU_Bhau> i just started my game so it is lagging[m
[04:22:51] [Async Chat Thread - #16/INFO]: [m<DAKU_Bhau> i am here[m
[04:23:17] [Async Chat Thread - #16/INFO]: [m<Advreign> follow me[m
[04:23:46] [Server thread/INFO]: Advreign lost connection: Disconnected
[04:23:46] [Server thread/INFO]: Advreign left the game
[04:28:10] [User Authenticator #16/INFO]: UUID of player Advreign is 8fb672d5-f258-312c-87ed-c105388f51df
[04:28:10] [Server thread/INFO]: Advreign[/157.33.30.244:51030] logged in with entity id 42931 at ([world]-30.609666712589622, 78.0, -145.40615231289178)
[04:28:30] [Async Chat Thread - #17/INFO]: [m<Advreign> sorry[m
[04:28:48] [Async Chat Thread - #17/INFO]: [m<Advreign> internet roblem[m
[04:28:59] [Server thread/INFO]: DAKU_Bhau was slain by Zombie
[04:29:10] [Async Chat Thread - #17/INFO]: [m<Advreign> where are you?[m
[04:29:12] [Async Chat Thread - #17/INFO]: [m<DAKU_Bhau> ok[m
[04:29:20] [Async Chat Thread - #17/INFO]: [m<DAKU_Bhau> cold's house[m
[04:29:30] [Async Chat Thread - #17/INFO]: [m<DAKU_Bhau> i somehow respawned here[m
[04:30:10] [Async Chat Thread - #17/INFO]: [m<Advreign> harbour[m
[04:30:15] [Async Chat Thread - #17/INFO]: [m<DAKU_Bhau> woe[m
[04:30:19] [Async Chat Thread - #17/INFO]: [m<DAKU_Bhau> wow[m
[04:30:32] [Async Chat Thread - #17/INFO]: [m<Advreign> are you free[m
[04:30:35] [Async Chat Thread - #17/INFO]: [m<DAKU_Bhau> can I help building it[m
[04:30:45] [Async Chat Thread - #17/INFO]: [m<DAKU_Bhau> for some time i can play[m
[04:31:22] [Async Chat Thread - #17/INFO]: [m<Advreign> can you help filling spruce in outline area[m
[04:32:17] [Async Chat Thread - #17/INFO]: [m<Advreign> I will bring you armour[m
[04:32:29] [Async Chat Thread - #17/INFO]: [m<DAKU_Bhau> no its ok[m
[04:34:00] [Server thread/INFO]: DAKU_Bhau has made the advancement [Cover Me With Diamonds]
[04:34:22] [Async Chat Thread - #18/INFO]: [m<DAKU_Bhau> thank you so much[m
[04:35:49] [Async Chat Thread - #19/INFO]: [m<Advreign> sleep there is bed[m
[04:36:03] [Async Chat Thread - #19/INFO]: [m<Advreign> i wil dc[m
[04:36:09] [Server thread/INFO]: Advreign lost connection: Disconnected
[04:36:09] [Server thread/INFO]: Advreign left the game
[04:36:21] [User Authenticator #17/INFO]: UUID of player Advreign is 8fb672d5-f258-312c-87ed-c105388f51df
[04:36:22] [Server thread/INFO]: Advreign[/157.33.30.244:51140] logged in with entity id 44423 at ([world]43.8541033837723, 77.0, -56.49332589976087)
[04:36:54] [Async Chat Thread - #19/INFO]: [m<Advreign> I am going to collect spruce, it is over[m
[04:37:00] [Async Chat Thread - #19/INFO]: [m<DAKU_Bhau> ok[m
[04:40:18] [Async Chat Thread - #20/INFO]: [m<DAKU_Bhau> yo[m
[04:40:32] [Async Chat Thread - #20/INFO]: [m<DAKU_Bhau> we need to put one more staircase, right >[m
[04:40:34] [Async Chat Thread - #20/INFO]: [m<DAKU_Bhau> ?[m
[04:41:02] [Async Chat Thread - #20/INFO]: [m<Advreign> Yes, but we will do it tomorrow, I need to plan first[m
[04:41:07] [Async Chat Thread - #20/INFO]: [m<DAKU_Bhau> ok[m
[04:41:12] [Async Chat Thread - #20/INFO]: [m<Advreign> i need to go bye[m
[04:41:15] [Async Chat Thread - #20/INFO]: [m<DAKU_Bhau> the wood is over[m
[04:41:18] [Async Chat Thread - #20/INFO]: [m<DAKU_Bhau> bye[m
[04:41:24] [Server thread/INFO]: Advreign lost connection: Disconnected
[04:41:24] [Server thread/INFO]: Advreign left the game
[04:41:35] [Server thread/INFO]: CONSOLE issued server command: /online 
[04:41:35] [Server thread/INFO]: [0;33;22mThere are [0;31;1m1[0;33;22m out of maximum [0;31;1m10[0;33;22m players online.[m
[04:41:35] [Server thread/INFO]: [0;33;22mdefault[m: DAKU_Bhau[0;37;1m[m
[04:41:40] [Server thread/INFO]: [Server] hi
[04:41:48] [Async Chat Thread - #20/INFO]: [m<DAKU_Bhau> hi[m
[04:42:28] [Server thread/INFO]: [Server] sdverign need many spruce?
[04:42:33] [Server thread/INFO]: Unknown command. Type "/help" for help.[m
[04:42:36] [Async Chat Thread - #20/INFO]: [m<DAKU_Bhau> yes[m
[04:42:38] [Server thread/INFO]: [Server] adverign
[04:42:42] [Async Chat Thread - #20/INFO]: [m<DAKU_Bhau> for harbour[m
[04:42:43] [Server thread/INFO]: Unknown command. Type "/help" for help.[m
[04:42:51] [Server thread/INFO]: [Server] harbour?
[04:42:56] [Async Chat Thread - #20/INFO]: [m<DAKU_Bhau> yes[m
[04:42:56] [Server thread/INFO]: [Server] what is harbour
[04:43:21] [Async Chat Thread - #20/INFO]: [m<DAKU_Bhau> its kinda port where ships come and unload and reload stuff[m
[04:44:02] [Server thread/INFO]: [Server] ah
[04:44:08] [Server thread/INFO]: [Server] harbor
[04:44:13] [Async Chat Thread - #20/INFO]: [m<DAKU_Bhau> yes[m
[04:44:23] [Async Chat Thread - #20/INFO]: [m<DAKU_Bhau> iw[m
[04:44:31] [Server thread/INFO]: [Server] do you have BE?
[04:44:37] [Async Chat Thread - #20/INFO]: [m<DAKU_Bhau> yes[m
[04:44:44] [Server thread/INFO]: Unknown command. Type "/help" for help.[m
[04:44:45] [Async Chat Thread - #20/INFO]: [m<DAKU_Bhau> but i dont play much on it[m
[04:44:57] [Server thread/INFO]: [Server] try join server
[04:45:10] [Async Chat Thread - #20/INFO]: [m<DAKU_Bhau> now ?[m
[04:45:12] [Server thread/INFO]: [Server] same domain, but port is 19132
[04:45:22] [Server thread/INFO]: [Server] no, you can have many time
[04:45:34] [Async Chat Thread - #20/INFO]: [m<DAKU_Bhau> ok[m
[04:46:12] [Async Chat Thread - #20/INFO]: [m<DAKU_Bhau> how can you talk without being in the server[m
[04:48:26] [Server thread/INFO]: DAKU_Bhau lost connection: Disconnected
[04:48:27] [Server thread/INFO]: DAKU_Bhau left the game
[05:09:29] [User Authenticator #18/INFO]: UUID of player FlameQuard is 06f9df38-c8db-3318-be7a-5e1b70c9791b
[05:09:29] [Server thread/INFO]: FlameQuard[/157.33.194.24:39353] logged in with entity id 46328 at ([world]-194.5, 68.0, -200.5)
[05:09:30] [Server thread/INFO]: FlameQuard has made the advancement [Getting an Upgrade]
[05:09:30] [Server thread/INFO]: FlameQuard has made the advancement [Suit Up]
[05:15:04] [Server thread/INFO]: FlameQuard has made the advancement [Stone Age]
[05:15:47] [User Authenticator #19/INFO]: UUID of player DAKU_Bhau is 2093ab71-bc4d-3496-8ece-56dddfb1003e
[05:15:47] [Server thread/INFO]: DAKU_Bhau[/27.7.249.223:49600] logged in with entity id 46980 at ([world]-77.86096447171185, 78.0, -159.8812498284892)
[05:16:03] [Async Chat Thread - #21/INFO]: [m<DAKU_Bhau> yo[m
[05:16:20] [Async Chat Thread - #21/INFO]: [m<FlameQuard> yo[m
[05:18:04] [Async Chat Thread - #22/INFO]: [m<DAKU_Bhau> sleep[m
[05:18:09] [Async Chat Thread - #22/INFO]: [m<DAKU_Bhau> i will rejoin[m
[05:18:18] [Server thread/INFO]: DAKU_Bhau lost connection: Disconnected
[05:18:18] [Server thread/INFO]: DAKU_Bhau left the game
[05:18:37] [User Authenticator #20/INFO]: UUID of player DAKU_Bhau is 2093ab71-bc4d-3496-8ece-56dddfb1003e
[05:18:37] [Server thread/INFO]: DAKU_Bhau[/27.7.249.223:49606] logged in with entity id 47617 at ([world]4.353029781594808, 75.0, -147.86251368832373)
[05:18:42] [Server thread/INFO]: DAKU_Bhau lost connection: Disconnected
[05:18:42] [Server thread/INFO]: DAKU_Bhau left the game
[05:19:14] [User Authenticator #21/INFO]: UUID of player DAKU_Bhau is 2093ab71-bc4d-3496-8ece-56dddfb1003e
[05:19:15] [Server thread/INFO]: DAKU_Bhau[/27.7.249.223:49612] logged in with entity id 47712 at ([world]4.353029781594808, 75.0, -147.86251368832373)
[05:19:19] [Async Chat Thread - #23/INFO]: [m<FlameQuard> no bed[m
[05:20:29] [Server thread/WARN]: FlameQuard was kicked for floating too long!
[05:20:29] [Server thread/INFO]: FlameQuard lost connection: Flying is not enabled on this server
[05:20:29] [Server thread/INFO]: FlameQuard left the game
[05:24:30] [User Authenticator #22/INFO]: UUID of player kasperkp192 is 5ceec0c4-0b98-312b-a11b-79385675fa4f
[05:24:31] [Server thread/INFO]: kasperkp192[/157.33.194.24:50618] logged in with entity id 48638 at ([world]-136.63625, 75.10964317254246, -150.28923)
[05:24:45] [Async Chat Thread - #24/INFO]: [m<DAKU_Bhau> i need to go bye[m
[05:24:46] [Server thread/INFO]: DAKU_Bhau lost connection: Disconnected
[05:24:46] [Server thread/INFO]: DAKU_Bhau left the game
[05:33:06] [Server thread/INFO]: kasperkp192 lost connection: Disconnected
[05:33:06] [Server thread/INFO]: kasperkp192 left the game
[05:36:46] [User Authenticator #23/INFO]: UUID of player FlameQuard is 06f9df38-c8db-3318-be7a-5e1b70c9791b
[05:36:47] [Server thread/INFO]: FlameQuard[/157.33.194.24:45667] logged in with entity id 49464 at ([world]-121.93662, 63.036125328564395, -178.51314)
[05:36:53] [Server thread/INFO]: FlameQuard was slain by Zombie
[05:43:55] [Server thread/INFO]: FlameQuard lost connection: Disconnected
[05:43:55] [Server thread/INFO]: FlameQuard left the game
[05:46:17] [User Authenticator #24/INFO]: UUID of player DAKU_Bhau is 2093ab71-bc4d-3496-8ece-56dddfb1003e
[05:46:18] [Server thread/INFO]: DAKU_Bhau[/27.7.249.223:49659] logged in with entity id 50184 at ([world]59.95946778564439, 64.0, -67.24093884324873)
[05:48:53] [Server thread/INFO]: DAKU_Bhau lost connection: Disconnected
[05:48:53] [Server thread/INFO]: DAKU_Bhau left the game
[05:50:36] [User Authenticator #25/INFO]: UUID of player DAKU_Bhau is 2093ab71-bc4d-3496-8ece-56dddfb1003e
[05:50:37] [Server thread/INFO]: DAKU_Bhau[/27.7.249.223:49682] logged in with entity id 50594 at ([world]57.094462102310004, 68.0, -50.10591503467815)
[05:57:49] [Server thread/INFO]: DAKU_Bhau lost connection: Disconnected
[05:57:49] [Server thread/INFO]: DAKU_Bhau left the game
[06:13:31] [User Authenticator #26/INFO]: UUID of player cold9999 is 947adae0-b57c-3011-b868-5804ccdb5cba
[06:13:32] [Server thread/INFO]: cold9999[/61.80.6.222:53492] logged in with entity id 51714 at ([world_the_end]73.62320571746596, 57.0, 9.767739429731344)
[06:16:16] [Server thread/INFO]: cold9999 issued server command: /flyt
[06:16:17] [Server thread/INFO]: cold9999 issued server command: /fly
[06:17:00] [Server thread/INFO]: cold9999 issued server command: /give cold9999 crafting_table
[06:17:58] [Server thread/INFO]: cold9999 issued server command: /fly
[06:19:33] [Server thread/INFO]: cold9999 issued server command: /gm 1
[06:19:44] [Server thread/INFO]: cold9999 issued server command: /gm 0
[06:20:59] [User Authenticator #27/INFO]: UUID of player Advreign is 8fb672d5-f258-312c-87ed-c105388f51df
[06:21:00] [Server thread/INFO]: Advreign[/157.33.30.244:51946] logged in with entity id 52626 at ([world]-86.40230815757657, 79.0, -144.14469413845742)
[06:21:09] [Async Chat Thread - #25/INFO]: [m<cold9999> hi[m
[06:21:16] [Async Chat Thread - #25/INFO]: [m<cold9999> iron farm is worked[m
[06:21:25] [Async Chat Thread - #25/INFO]: [m<cold9999> and too many rose[m
[06:21:28] [Async Chat Thread - #25/INFO]: [m<Advreign> yes[m
[06:21:50] [Async Chat Thread - #25/INFO]: [m<Advreign> save poppy we cam make dye and bone meal[m
[06:21:57] [Async Chat Thread - #25/INFO]: [m<cold9999> so i'm changing to bone meal[m
[06:22:32] [User Authenticator #28/INFO]: UUID of player FlameQuard is 06f9df38-c8db-3318-be7a-5e1b70c9791b
[06:22:33] [Server thread/INFO]: FlameQuard[/157.33.194.24:53472] logged in with entity id 52962 at ([world]-188.12244, 68.0, -206.41406)
[06:22:44] [Async Chat Thread - #25/INFO]: [m<FlameQuard> I joined using ChatCraft from my Android device! Download it for free![m
[06:22:44] [Async Chat Thread - #26/INFO]: [m<FlameQuard> Hi[m
[06:22:45] [Async Chat Thread - #26/INFO]: [m<Advreign> hi[m
[06:22:57] [Async Chat Thread - #26/INFO]: [m<Advreign> Can you sleep?[m
[06:23:07] [Async Chat Thread - #26/INFO]: [m<FlameQuard> I AM NOT IN GAME[m
[06:23:13] [Async Chat Thread - #26/INFO]: [m<FlameQuard> Just Chat[m
[06:23:24] [Async Chat Thread - #26/INFO]: [m<FlameQuard> Is There Korean Developer[m
[06:23:27] [Async Chat Thread - #26/INFO]: [m<cold9999> yes[m
[06:23:29] [Async Chat Thread - #26/INFO]: [m<Advreign> can you spectate?[m
[06:23:33] [Async Chat Thread - #26/INFO]: [m<FlameQuard> Come In Discord[m
[06:23:34] [Async Chat Thread - #26/INFO]: [m<cold9999> it's me[m
[06:23:34] [Async Chat Thread - #26/INFO]: [m<FlameQuard> yes[m
[06:23:44] [Async Chat Thread - #26/INFO]: [m<FlameQuard> Fast[m
[06:24:16] [Async Chat Thread - #26/INFO]: [m<Advreign> join in game then[m
[06:24:30] [Async Chat Thread - #26/INFO]: [m<FlameQuard> ok[m
[06:24:50] [Server thread/INFO]: FlameQuard was slain by Zombie
[06:24:54] [Async Chat Thread - #26/INFO]: [m<cold9999> oof[m
[06:25:15] [Server thread/INFO]: FlameQuard lost connection: Disconnected
[06:25:15] [Server thread/INFO]: FlameQuard left the game
[06:26:09] [Async Chat Thread - #27/INFO]: [m<cold9999> where are you[m
[06:26:19] [Async Chat Thread - #27/INFO]: [m<Advreign> at my house[m
[06:26:51] [Async Chat Thread - #27/INFO]: [m<cold9999> how about pvp with me?[m
[06:26:57] [Server thread/INFO]: cold9999 issued server command: /gamerule keepInventory true
[06:26:57] [Server thread/INFO]: [cold9999: Gamerule keepInventory is now set to: true]
[06:27:10] [Server thread/INFO]: cold9999 issued server command: /heal
[06:27:21] [Async Chat Thread - #27/INFO]: [m<cold9999> you are ready?[m
[06:27:24] [Async Chat Thread - #27/INFO]: [m<Advreign> start[m
[06:27:33] [Async Chat Thread - #27/INFO]: [m<cold9999> wait[m
[06:27:38] [Async Chat Thread - #27/INFO]: [m<cold9999> go to ground[m
[06:27:52] [Async Chat Thread - #27/INFO]: [m<cold9999> hmm[m
[06:27:58] [Async Chat Thread - #27/INFO]: [m<cold9999> start?[m
[06:28:08] [Async Chat Thread - #27/INFO]: [m<cold9999> start[m
[06:28:10] [Async Chat Thread - #27/INFO]: [m<Advreign> armour?[m
[06:28:14] [User Authenticator #29/INFO]: UUID of player FlameQuard is 06f9df38-c8db-3318-be7a-5e1b70c9791b
[06:28:14] [Server thread/INFO]: FlameQuard[/157.33.194.24:53588] logged in with entity id 54450 at ([world]-186.7, 67.0, -207.98593254917765)
[06:28:19] [Async Chat Thread - #27/INFO]: [m<cold9999> go[m
[06:28:37] [Server thread/INFO]: Advreign was burnt to a crisp whilst fighting cold9999
[06:28:40] [Async Chat Thread - #27/INFO]: [m<cold9999> oof[m
[06:28:49] [Server thread/INFO]: FlameQuard lost connection: Disconnected
[06:28:49] [Server thread/INFO]: FlameQuard left the game
[06:28:53] [Async Chat Thread - #27/INFO]: [m<cold9999> how about fighting with bow[m
[06:28:56] [Async Chat Thread - #27/INFO]: [m<Advreign> nice[m
[06:28:59] [Async Chat Thread - #27/INFO]: [m<Advreign> nice[m
[06:29:59] [Server thread/INFO]: cold9999 issued server command: /heal
[06:30:10] [Async Chat Thread - #28/INFO]: [m<Advreign> my router is very hot! all game is laggu[m
[06:30:13] [Async Chat Thread - #28/INFO]: [m<cold9999> spider jocky[m
[06:30:20] [Server thread/INFO]: cold9999 issued server command: /difficulty peaceful
[06:30:20] [Server thread/INFO]: [cold9999: The difficulty has been set to Peaceful]
[06:30:39] [Server thread/INFO]: cold9999 issued server command: /gamerule doMobSpawning false
[06:30:39] [Server thread/INFO]: [cold9999: Gamerule doMobSpawning is now set to: false]
[06:31:09] [User Authenticator #30/INFO]: UUID of player DAKU_Bhau is 2093ab71-bc4d-3496-8ece-56dddfb1003e
[06:31:09] [Server thread/INFO]: DAKU_Bhau[/27.7.249.223:53148] logged in with entity id 55033 at ([world]-156.84777035623588, 63.0, -172.0416602931145)
[06:31:18] [Async Chat Thread - #29/INFO]: [m<DAKU_Bhau> hi[m
[06:31:28] [Async Chat Thread - #29/INFO]: [m<cold9999> go?[m
[06:31:37] [Async Chat Thread - #29/INFO]: [m<cold9999> go[m
[06:31:37] [Async Chat Thread - #29/INFO]: [m<Advreign> go!![m
[06:32:17] [Async Chat Thread - #29/INFO]: [m<cold9999> wait[m
[06:32:27] [Async Chat Thread - #29/INFO]: [m<cold9999> sry[m
[06:32:34] [Async Chat Thread - #29/INFO]: [m<cold9999> difficulty is peaceful[m
[06:32:35] [Async Chat Thread - #29/INFO]: [m<Advreign> okok[m
[06:32:37] [Server thread/INFO]: cold9999 issued server command: /difficulty easy
[06:32:37] [Server thread/INFO]: [cold9999: The difficulty has been set to Easy]
[06:32:44] [Async Chat Thread - #29/INFO]: [m<cold9999> 3[m
[06:32:45] [Async Chat Thread - #29/INFO]: [m<cold9999> 2[m
[06:32:47] [Server thread/INFO]: cold9999 issued server command: /1
[06:32:48] [Async Chat Thread - #29/INFO]: [m<cold9999> 1[m
[06:33:19] [Server thread/INFO]: Advreign was shot by cold9999
[06:33:49] [Async Chat Thread - #30/INFO]: [m<Advreign> you are a pro[m
[06:34:16] [Async Chat Thread - #30/INFO]: [m<DAKU_Bhau> anyone has quartz ?[m
[06:34:21] [Async Chat Thread - #30/INFO]: [m<Advreign> a lot[m
[06:34:22] [Async Chat Thread - #30/INFO]: [m<cold9999> wait[m
[06:34:23] [Async Chat Thread - #30/INFO]: [m<DAKU_Bhau> only 1[m
[06:34:27] [Async Chat Thread - #30/INFO]: [m<cold9999> me too[m
[06:34:29] [Server thread/INFO]: cold9999 issued server command: /home exp
[06:34:36] [Async Chat Thread - #30/INFO]: [m<Advreign> my house[m
[06:34:39] [Async Chat Thread - #30/INFO]: [m<DAKU_Bhau> i want it to make observer[m
[06:34:52] [Server thread/INFO]: cold9999 issued server command: /home
[06:35:16] [Async Chat Thread - #30/INFO]: [m<DAKU_Bhau> i need only 1[m
[06:35:22] [Async Chat Thread - #30/INFO]: [m<DAKU_Bhau> you can take the restback[m
[06:35:43] [Async Chat Thread - #30/INFO]: [m<Advreign> cold[m
[06:35:46] [Async Chat Thread - #30/INFO]: [m<cold9999> ?[m
[06:36:06] [Async Chat Thread - #30/INFO]: [m<cold9999> iron farm[m
[06:36:32] [Async Chat Thread - #30/INFO]: [m<Advreign> come here[m
[06:36:36] [Async Chat Thread - #30/INFO]: [m<Advreign> cold[m
[06:36:48] [Server thread/INFO]: cold9999 issued server command: /give cold9999 zombie_spawn_egg 1
[06:37:06] [Async Chat Thread - #30/INFO]: [m<Advreign> where are you?[m
[06:37:25] [Async Chat Thread - #30/INFO]: [m<cold9999> in iron farm...?[m
[06:37:47] [Server thread/INFO]: cold9999 issued server command: /home
[06:37:58] [Server thread/INFO]: cold9999 issued server command: /give cold9999 name_tag 1
[06:38:10] [Async Chat Thread - #30/INFO]: [m<Advreign> i have something to show[m
[06:38:50] [Async Chat Thread - #30/INFO]: [m<cold9999> harbor[m
[06:39:11] [Async Chat Thread - #30/INFO]: [m<cold9999> i listened about this to DAKU[m
[06:39:11] [Async Chat Thread - #30/INFO]: [m<Advreign> yep[m
[06:39:59] [Async Chat Thread - #30/INFO]: [m<Advreign> thanks[m
[06:40:16] [Server thread/INFO]: cold9999 issued server command: /fly
[06:40:21] [Server thread/INFO]: cold9999 issued server command: /fly
[06:40:49] [Server thread/INFO]: cold9999 issued server command: /sethome iron
[06:40:49] [Server thread/INFO]: Max Homes: 10
[06:40:51] [Server thread/INFO]: DAKU_Bhau lost connection: Disconnected
[06:40:51] [Server thread/INFO]: DAKU_Bhau left the game
[06:41:43] [User Authenticator #31/INFO]: UUID of player DAKU_Bhau is 2093ab71-bc4d-3496-8ece-56dddfb1003e
[06:41:44] [Server thread/INFO]: DAKU_Bhau[/27.7.249.223:53167] logged in with entity id 55289 at ([world]-153.93175269491766, 63.0, -175.28511968357927)
[06:42:37] [Server thread/INFO]: cold9999 issued server command: /give cold9999 oak_sign 1
[06:43:28] [Async Chat Thread - #31/INFO]: [m<DAKU_Bhau> u sleeping ?[m
[06:44:45] [User Authenticator #32/INFO]: UUID of player FlameQuard is 06f9df38-c8db-3318-be7a-5e1b70c9791b
[06:44:46] [Server thread/INFO]: FlameQuard[/157.33.194.24:54601] logged in with entity id 55408 at ([world]-186.7, 67.0, -207.98593254917765)
[06:45:16] [Server thread/WARN]: FlameQuard moved too quickly! 188.42244000000002,-69.6200100183487,206.71406000000002
[06:46:30] [Craft Scheduler Thread - 94/INFO]: [Vault] Checking for Updates ... 
[06:46:30] [Server thread/INFO]: Advreign lost connection: Disconnected
[06:46:30] [Server thread/INFO]: Advreign left the game
[06:46:31] [Craft Scheduler Thread - 94/INFO]: [Vault] No new version available
[06:46:48] [Server thread/INFO]: FlameQuard has made the advancement [Sweet Dreams]
[06:46:58] [Async Chat Thread - #32/INFO]: [m<FlameQuard> sleep[m
[06:47:10] [Server thread/INFO]: cold9999 issued server command: /online
[06:47:56] [Async Chat Thread - #32/INFO]: [m<FlameQuard> yo[m
[06:48:01] [Async Chat Thread - #32/INFO]: [m<FlameQuard> see back[m
[06:48:05] [Async Chat Thread - #32/INFO]: [m<DAKU_Bhau> hi[m
[06:48:21] [Async Chat Thread - #32/INFO]: [m<FlameQuard> what is it[m
[06:48:31] [Async Chat Thread - #32/INFO]: [m<DAKU_Bhau> automatic beef farm[m
[06:48:34] [Async Chat Thread - #32/INFO]: [m<DAKU_Bhau> cooked[m
[06:48:38] [Async Chat Thread - #32/INFO]: [m<FlameQuard> okok[m
[06:49:27] [Server thread/INFO]: FlameQuard has made the advancement [Ice Bucket Challenge]
[06:49:43] [Server thread/INFO]: cold9999 issued server command: /spec
[06:49:48] [Server thread/INFO]: cold9999 issued server command: /survival
[06:51:16] [Server thread/INFO]: cold9999 issued server command: /exp
[06:51:19] [Server thread/INFO]: cold9999 issued server command: /home exp
[06:51:38] [Server thread/INFO]: DAKU_Bhau lost connection: Disconnected
[06:51:38] [Server thread/INFO]: DAKU_Bhau left the game
[06:51:39] [Server thread/INFO]: cold9999 issued server command: /fly
[06:51:40] [User Authenticator #33/INFO]: UUID of player DAKU_Bhau is 2093ab71-bc4d-3496-8ece-56dddfb1003e
[06:51:40] [Server thread/INFO]: DAKU_Bhau[/27.7.249.223:53184] logged in with entity id 56046 at ([world]-144.0046501466271, 63.08583488785561, -194.442443621501)
[06:52:40] [Server thread/INFO]: DAKU_Bhau lost connection: Disconnected
[06:52:40] [Server thread/INFO]: DAKU_Bhau left the game
[06:52:42] [User Authenticator #34/INFO]: UUID of player DAKU_Bhau is 2093ab71-bc4d-3496-8ece-56dddfb1003e
[06:52:43] [Server thread/INFO]: DAKU_Bhau[/27.7.249.223:53192] logged in with entity id 56095 at ([world]-152.68979231907124, 63.08576338886273, -181.6875)
[06:53:29] [Server thread/INFO]: cold9999 issued server command: /give cold9999 book
[06:55:08] [Server thread/INFO]: cold9999 issued server command: /home
[06:56:19] [Server thread/INFO]: cold9999 issued server command: /fly
[06:57:37] [Server thread/INFO]: cold9999 issued server command: /home iron
[06:57:47] [Server thread/INFO]: cold9999 issued server command: /fly
[06:58:02] [Async Chat Thread - #33/INFO]: [m<DAKU_Bhau> sleep[m
[06:58:08] [Async Chat Thread - #33/INFO]: [m<cold9999> wait[m
[06:58:11] [Async Chat Thread - #33/INFO]: [m<DAKU_Bhau> ok[m
[06:58:57] [Async Chat Thread - #33/INFO]: [m<DAKU_Bhau> ?[m
[06:59:12] [Async Chat Thread - #33/INFO]: [m<DAKU_Bhau> sleep fast[m
[06:59:15] [Async Chat Thread - #33/INFO]: [m<DAKU_Bhau> kasper[m
[06:59:30] [Server thread/INFO]: FlameQuard lost connection: Disconnected
[06:59:30] [Server thread/INFO]: FlameQuard left the game
[07:01:03] [Server thread/INFO]: cold9999 issued server command: /give cold9999 firework_star 64
[07:01:54] [User Authenticator #35/INFO]: UUID of player FlameQuard is 06f9df38-c8db-3318-be7a-5e1b70c9791b
[07:01:54] [Server thread/INFO]: FlameQuard[/157.33.194.24:55989] logged in with entity id 56441 at ([world]-141.7957, 77.0, -142.1049)
[07:02:01] [Server thread/INFO]: DAKU_Bhau has made the advancement [Hot Stuff]
[07:02:50] [Async Chat Thread - #34/INFO]: [m<FlameQuard> any one have flint[m
[07:02:56] [Async Chat Thread - #34/INFO]: [m<DAKU_Bhau> yes[m
[07:03:15] [Async Chat Thread - #34/INFO]: [m<FlameQuard> give me[m
[07:03:20] [Async Chat Thread - #34/INFO]: [m<FlameQuard> i my house[m
[07:03:54] [Async Chat Thread - #34/INFO]: [m<DAKU_Bhau> portal's hieght is small[m
[07:04:32] [Async Chat Thread - #34/INFO]: [m<FlameQuard> you have blocks[m
[07:06:01] [Async Chat Thread - #35/INFO]: [m<DAKU_Bhau> oh[m
[07:06:09] [Async Chat Thread - #35/INFO]: [m<DAKU_Bhau> i forgot u needed flint n steel[m
[07:06:18] [Async Chat Thread - #35/INFO]: [m<DAKU_Bhau> i am coming[m
[07:06:21] [Async Chat Thread - #35/INFO]: [m<DAKU_Bhau> wait[m
[07:07:03] [Async Chat Thread - #35/INFO]: [m<FlameQuard> fast[m
[07:07:31] [Async Chat Thread - #35/INFO]: [m<DAKU_Bhau> done[m
[07:08:41] [Server thread/INFO]: FlameQuard has made the advancement [Isn't It Iron Pick]
[07:08:57] [Server thread/INFO]: FlameQuard has made the advancement [We Need to Go Deeper]
[07:09:25] [Server thread/INFO]: FlameQuard lost connection: Timed out
[07:09:25] [Server thread/INFO]: FlameQuard left the game
[07:10:51] [User Authenticator #36/INFO]: UUID of player FlameQuard is 06f9df38-c8db-3318-be7a-5e1b70c9791b
[07:10:52] [Server thread/INFO]: FlameQuard[/157.33.194.24:34046] logged in with entity id 56583 at ([world_nether]-17.666504, 48.0, -19.5)
[07:15:03] [Server thread/INFO]: cold9999 issued server command: /gamerule doMobSpawning true
[07:15:03] [Server thread/INFO]: [cold9999: Gamerule doMobSpawning is now set to: true]
[07:16:17] [Server thread/INFO]: cold9999 issued server command: /home exp
[07:16:23] [Server thread/INFO]: cold9999 issued server command: /home iron
[07:18:18] [Async Chat Thread - #36/INFO]: [m<DAKU_Bhau> bro where can I get cows ?[m
[07:18:22] [Async Chat Thread - #36/INFO]: [m<DAKU_Bhau> i need 2[m
[07:18:46] [Async Chat Thread - #36/INFO]: [m<FlameQuard> cows?[m
[07:18:57] [Async Chat Thread - #36/INFO]: [m<FlameQuard> idk[m
[07:19:01] [Async Chat Thread - #36/INFO]: [m<DAKU_Bhau> ok[m
[07:19:05] [Async Chat Thread - #36/INFO]: [m<FlameQuard> lets found[m
[07:19:17] [Server thread/INFO]: cold9999 issued server command: /give cold9999 villager_spawn_egg 1
[07:19:20] [Server thread/INFO]: Villager EntityVillager['Villager'/10732, l='ServerLevel[world]', x=47.30, y=77.56, z=-194.70] died, message: 'Villager was slain by cold9999'
[07:19:24] [Async Chat Thread - #36/INFO]: [m<DAKU_Bhau> can i see your house ?[m
[07:19:30] [Server thread/INFO]: cold9999 issued server command: /fly
[07:19:35] [Async Chat Thread - #36/INFO]: [m<FlameQuard> bruh[m
[07:19:41] [Async Chat Thread - #36/INFO]: [m<FlameQuard> comenon[m
[07:19:46] [Async Chat Thread - #36/INFO]: [m<DAKU_Bhau> ok[m
[07:20:21] [Async Chat Thread - #36/INFO]: [m<DAKU_Bhau> u can cook food on campfire[m
[07:20:30] [Async Chat Thread - #36/INFO]: [m<DAKU_Bhau> nice house[m
[07:20:49] [Async Chat Thread - #36/INFO]: [m<FlameQuard> made by utkarsh[m
[07:20:57] [Async Chat Thread - #36/INFO]: [m<DAKU_Bhau> oh[m
[07:21:15] [Async Chat Thread - #36/INFO]: [m<DAKU_Bhau> nice[m
[07:21:17] [Server thread/INFO]: FlameQuard has made the advancement [Acquire Hardware]
[07:21:22] [Async Chat Thread - #36/INFO]: [m<DAKU_Bhau> sleep[m
[07:21:45] [Server thread/INFO]: cold9999 lost connection: Disconnected
[07:21:45] [Server thread/INFO]: cold9999 left the game
[07:23:09] [Async Chat Thread - #37/INFO]: [m<DAKU_Bhau> pls tell if you find cow[m
[07:23:22] [Async Chat Thread - #37/INFO]: [m<FlameQuard> yes[m
[07:23:36] [Async Chat Thread - #37/INFO]: [m<FlameQuard> you want cows for beeding[m
[07:23:41] [Async Chat Thread - #37/INFO]: [m<DAKU_Bhau> yes[m
[07:23:56] [Async Chat Thread - #37/INFO]: [m<DAKU_Bhau> 2 cows for automatic beef farm[m
[07:24:03] [Async Chat Thread - #37/INFO]: [m<DAKU_Bhau> or semi-automatic[m
[07:24:09] [Async Chat Thread - #37/INFO]: [m<DAKU_Bhau> u can say[m
[07:24:18] [Async Chat Thread - #37/INFO]: [m<FlameQuard> yes[m
[07:24:26] [Async Chat Thread - #37/INFO]: [m<DAKU_Bhau> sheep would also work[m
[07:24:31] [Async Chat Thread - #37/INFO]: [m<DAKU_Bhau> cow or sheep[m
[07:27:26] [Async Chat Thread - #38/INFO]: [m<FlameQuard> bro lets find cows and sheeps[m
[07:27:35] [Async Chat Thread - #38/INFO]: [m<DAKU_Bhau> one minute[m
[07:27:38] [Async Chat Thread - #38/INFO]: [m<FlameQuard> we need one more[m
[07:28:39] [Async Chat Thread - #39/INFO]: [m<FlameQuard> nice[m
[07:28:42] [Async Chat Thread - #39/INFO]: [m<DAKU_Bhau> one got in[m
[07:29:02] [Async Chat Thread - #39/INFO]: [m<FlameQuard> give me wheat[m
[07:29:20] [Async Chat Thread - #39/INFO]: [m<DAKU_Bhau> one more neede[m
[07:29:23] [Async Chat Thread - #39/INFO]: [m<DAKU_Bhau> neede[m
[07:29:28] [Async Chat Thread - #39/INFO]: [m<FlameQuard> ok i will bring[m
[07:29:28] [Async Chat Thread - #39/INFO]: [m<DAKU_Bhau> *needed[m
[07:29:33] [Async Chat Thread - #39/INFO]: [m<DAKU_Bhau> ok \[m
[07:31:23] [Server thread/WARN]: FlameQuard was kicked for floating too long!
[07:31:23] [Server thread/INFO]: FlameQuard lost connection: Flying is not enabled on this server
[07:31:23] [Server thread/INFO]: FlameQuard left the game
[07:34:12] [Server thread/INFO]: DAKU_Bhau lost connection: Disconnected
[07:34:12] [Server thread/INFO]: DAKU_Bhau left the game
[07:40:03] [User Authenticator #37/INFO]: UUID of player FlameQuard is 06f9df38-c8db-3318-be7a-5e1b70c9791b
[07:40:03] [Server thread/INFO]: FlameQuard[/157.33.194.24:33778] logged in with entity id 61078 at ([world]-126.56822, 79.16819099849126, -5.7495513)
[07:40:22] [Async Chat Thread - #40/INFO]: [m<FlameQuard> sorry net cut off[m
[07:44:49] [Server thread/WARN]: FlameQuard was kicked for floating too long!
[07:44:49] [Server thread/INFO]: FlameQuard lost connection: Flying is not enabled on this server
[07:44:49] [Server thread/INFO]: FlameQuard left the game
[08:05:33] [User Authenticator #38/INFO]: UUID of player FlameQuard is 06f9df38-c8db-3318-be7a-5e1b70c9791b
[08:05:34] [Server thread/INFO]: FlameQuard[/157.33.194.24:41310] logged in with entity id 61588 at ([world]-120.665184, 78.48305205089503, -33.4208)
[08:05:36] [Server thread/INFO]: FlameQuard was slain by Zombie
[08:07:19] [Server thread/INFO]: FlameQuard has made the advancement [Not Today, Thank You]
[08:07:52] [Server thread/INFO]: FlameQuard has made the advancement [Monster Hunter]
[08:13:54] [User Authenticator #39/INFO]: UUID of player DAKU_Bhau is 2093ab71-bc4d-3496-8ece-56dddfb1003e
[08:13:55] [Server thread/INFO]: DAKU_Bhau[/27.7.249.223:53277] logged in with entity id 62512 at ([world]-153.1709206834258, 63.0, -177.38955885107325)
[08:14:05] [Async Chat Thread - #41/INFO]: [m<FlameQuard> yo[m
[08:14:08] [Async Chat Thread - #41/INFO]: [m<DAKU_Bhau> hi[m
[08:18:09] [Server thread/INFO]: FlameQuard was slain by Zombie
[08:19:06] [Async Chat Thread - #42/INFO]: [m<DAKU_Bhau> sleep[m
[08:19:44] [Async Chat Thread - #42/INFO]: [m<DAKU_Bhau> fast[m
[08:19:47] [Async Chat Thread - #42/INFO]: [m<DAKU_Bhau> sleep[m
[08:20:41] [Async Chat Thread - #42/INFO]: [m<DAKU_Bhau> BRUH !!!!!!!!!!!!!!!!!!!!!!!!!!!!!!!!!!!!!!!!!!!!!!!!!!!!!!!!!!![m
[08:20:43] [Server thread/INFO]: FlameQuard lost connection: Disconnected
[08:20:43] [Server thread/INFO]: FlameQuard left the game
[08:23:52] [Server thread/INFO]: DAKU_Bhau has made the advancement [The Parrots and the Bats]
[08:28:03] [User Authenticator #40/INFO]: UUID of player FlameQuard is 06f9df38-c8db-3318-be7a-5e1b70c9791b
[08:28:03] [Server thread/INFO]: FlameQuard[/157.33.194.24:38045] logged in with entity id 64296 at ([world]-146.38942, 77.0, -136.48146)
[08:29:52] [Async Chat Thread - #43/INFO]: [m<DAKU_Bhau> i made it[m
[08:31:23] [Async Chat Thread - #44/INFO]: [m<DAKU_Bhau> i need to go[m
[08:31:24] [Async Chat Thread - #44/INFO]: [m<DAKU_Bhau> bye[m
[08:31:25] [Server thread/INFO]: DAKU_Bhau lost connection: Disconnected
[08:31:26] [Server thread/INFO]: DAKU_Bhau left the game
[09:06:45] [Server thread/WARN]: FlameQuard moved wrongly!
[09:22:25] [User Authenticator #41/INFO]: UUID of player DAKU_Bhau is 2093ab71-bc4d-3496-8ece-56dddfb1003e
[09:22:26] [Server thread/INFO]: DAKU_Bhau[/27.7.249.223:53354] logged in with entity id 69267 at ([world]41.40910658998872, 63.0, -197.6069045656881)
[09:24:35] [Async Chat Thread - #45/INFO]: [m<DAKU_Bhau> hi[m
[09:24:45] [Async Chat Thread - #45/INFO]: [m<FlameQuard> hi[m
[09:28:29] [Async Chat Thread - #46/INFO]: [m<DAKU_Bhau> sleep[m
[09:29:45] [Server thread/INFO]: DAKU_Bhau lost connection: Disconnected
[09:29:45] [Server thread/INFO]: DAKU_Bhau left the game
[09:29:53] [Server thread/INFO]: CONSOLE issued server command: /online 
[09:29:53] [Server thread/INFO]: [0;33;22mThere are [0;31;1m1[0;33;22m out of maximum [0;31;1m10[0;33;22m players online.[m
[09:29:53] [Server thread/INFO]: [0;33;22mdefault[m: FlameQuard[0;37;1m[m
[09:33:19] [User Authenticator #42/INFO]: UUID of player DAKU_Bhau is 2093ab71-bc4d-3496-8ece-56dddfb1003e
[09:33:21] [Server thread/INFO]: DAKU_Bhau[/27.7.249.223:53385] logged in with entity id 71015 at ([world]-153.32392468183477, 63.0, -174.00256210635163)
[09:33:22] [Server thread/WARN]: FlameQuard moved wrongly!
[09:34:43] [Async Chat Thread - #47/INFO]: [m<FlameQuard> bro[m
[09:34:46] [Async Chat Thread - #47/INFO]: [m<FlameQuard> here[m
[09:35:13] [Async Chat Thread - #47/INFO]: [m<FlameQuard> near beef farm[m
[09:35:26] [Async Chat Thread - #47/INFO]: [m<DAKU_Bhau> one minute[m
[09:36:14] [Server thread/WARN]: Boat (vehicle of FlameQuard) moved wrongly! 0.9873932003974915
[09:36:14] [Server thread/WARN]: Boat (vehicle of FlameQuard) moved wrongly! 0.5873985182781496
[09:36:40] [Async Chat Thread - #48/INFO]: [m<FlameQuard> you hqve to make it big[m
[09:36:56] [Async Chat Thread - #48/INFO]: [m<DAKU_Bhau> ok[m
[09:37:09] [Async Chat Thread - #48/INFO]: [m<DAKU_Bhau> we can make the same to its left side[m
[09:37:27] [Async Chat Thread - #48/INFO]: [m<FlameQuard> means[m
[09:38:20] [Async Chat Thread - #48/INFO]: [m<DAKU_Bhau> we will make another farm[m
[09:38:53] [Async Chat Thread - #48/INFO]: [m<DAKU_Bhau> listen[m
[09:39:02] [Async Chat Thread - #48/INFO]: [m<DAKU_Bhau> we can make a chicken farm[m
[09:39:54] [Async Chat Thread - #48/INFO]: [m<DAKU_Bhau> come here[m
[09:40:15] [Async Chat Thread - #48/INFO]: [m<DAKU_Bhau> breed them with wheat[m
[09:40:42] [Async Chat Thread - #48/INFO]: [m<FlameQuard> i donr llt have[m
[09:40:45] [Async Chat Thread - #48/INFO]: [m<DAKU_Bhau> ok[m
[09:42:14] [Server thread/WARN]: FlameQuard was kicked for floating too long!
[09:42:14] [Server thread/INFO]: FlameQuard lost connection: Flying is not enabled on this server
[09:42:14] [Server thread/INFO]: FlameQuard left the game
[09:42:57] [Server thread/INFO]: DAKU_Bhau lost connection: Disconnected
[09:42:57] [Server thread/INFO]: DAKU_Bhau left the game
[09:43:29] [User Authenticator #43/INFO]: UUID of player FlameQuard is 06f9df38-c8db-3318-be7a-5e1b70c9791b
[09:43:30] [Server thread/INFO]: FlameQuard[/157.33.194.24:56050] logged in with entity id 71958 at ([world]-125.8, 63.481951268782346, -162.8)
[09:43:47] [Server thread/INFO]: FlameQuard was shot by Skeleton
[09:48:12] [Server thread/INFO]: FlameQuard lost connection: Disconnected
[09:48:12] [Server thread/INFO]: FlameQuard left the game
[09:51:18] [User Authenticator #44/INFO]: UUID of player FlameQuard is 06f9df38-c8db-3318-be7a-5e1b70c9791b
[09:51:19] [Server thread/INFO]: FlameQuard[/157.33.194.24:38178] logged in with entity id 72333 at ([world]-147.5, 81.0, -142.5)
[09:56:30] [Server thread/INFO]: FlameQuard lost connection: Disconnected
[09:56:31] [Server thread/INFO]: FlameQuard left the game
[10:01:55] [User Authenticator #45/INFO]: UUID of player FlameQuard is 06f9df38-c8db-3318-be7a-5e1b70c9791b
[10:01:55] [Server thread/INFO]: FlameQuard[/157.33.194.24:40416] logged in with entity id 72805 at ([world]-145.4727, 77.0, -140.05188)
[10:05:38] [Server thread/INFO]: FlameQuard lost connection: Disconnected
[10:05:38] [Server thread/INFO]: FlameQuard left the game
[10:07:50] [User Authenticator #46/INFO]: UUID of player FlameQuard is 06f9df38-c8db-3318-be7a-5e1b70c9791b
[10:07:50] [Server thread/INFO]: FlameQuard[/157.33.194.24:59535] logged in with entity id 73096 at ([world]-145.13985, 76.5, -148.02184)
[10:16:17] [Server thread/WARN]: FlameQuard was kicked for floating too long!
[10:16:17] [Server thread/INFO]: FlameQuard lost connection: Flying is not enabled on this server
[10:16:17] [Server thread/INFO]: FlameQuard left the game
[10:32:11] [User Authenticator #47/INFO]: UUID of player FlameQuard is 06f9df38-c8db-3318-be7a-5e1b70c9791b
[10:32:11] [Server thread/INFO]: FlameQuard[/157.33.194.24:36459] logged in with entity id 73857 at ([world]-151.5, 74.98621154650677, -176.5)
[10:32:18] [Server thread/WARN]: FlameQuard was kicked for floating too long!
[10:32:18] [Server thread/INFO]: FlameQuard lost connection: Flying is not enabled on this server
[10:32:18] [Server thread/INFO]: FlameQuard left the game
[10:34:16] [User Authenticator #48/INFO]: UUID of player FlameQuard is 06f9df38-c8db-3318-be7a-5e1b70c9791b
[10:34:17] [Server thread/INFO]: FlameQuard[/157.33.194.24:40420] logged in with entity id 73883 at ([world]-151.5, 71.11044578726418, -176.5)
[10:34:27] [Server thread/WARN]: FlameQuard was kicked for floating too long!
[10:34:27] [Server thread/INFO]: FlameQuard lost connection: Flying is not enabled on this server
[10:34:27] [Server thread/INFO]: FlameQuard left the game
[10:41:09] [User Authenticator #49/INFO]: UUID of player DAKU_Bhau is 2093ab71-bc4d-3496-8ece-56dddfb1003e
[10:41:09] [Server thread/INFO]: DAKU_Bhau[/27.7.249.223:53466] logged in with entity id 73925 at ([world]-162.96506925116913, 63.0, -204.05646689965874)
[10:42:03] [Server thread/INFO]: DAKU_Bhau lost connection: Disconnected
[10:42:03] [Server thread/INFO]: DAKU_Bhau left the game
[10:45:23] [Server thread/INFO]: CONSOLE issued server command: /online 
[10:45:23] [Server thread/INFO]: [0;33;22mThere are [0;31;1m0[0;33;22m out of maximum [0;31;1m10[0;33;22m players online.[m
[10:47:11] [Server thread/INFO]: Stopping the server
[10:47:11] [Server thread/INFO]: Stopping server
[10:47:11] [Server thread/INFO]: [WorldEdit] Disabling WorldEdit v7.2.5+57d5ac9
[10:47:11] [Server thread/INFO]: Unregistering com.sk89q.worldedit.bukkit.BukkitServerInterface from WorldEdit
[10:47:11] [Server thread/INFO]: [SetHomes] Disabling SetHomes v1.3.0
[10:47:11] [Server thread/INFO]: [EssentialsGeoIP] Disabling EssentialsGeoIP v2.18.2.0
[10:47:11] [Server thread/INFO]: [EssentialsChat] Disabling EssentialsChat v2.18.2.0
[10:47:11] [Server thread/INFO]: [EssentialsSpawn] Disabling EssentialsSpawn v2.18.2.0
[10:47:11] [Server thread/INFO]: [Essentials] Disabling Essentials v2.18.2.0
[10:47:11] [Server thread/INFO]: [Vault] [Economy] Essentials Economy unhooked.
[10:47:11] [Server thread/INFO]: [Vault] Disabling Vault v1.7.3-b131
[10:47:11] [Server thread/INFO]: [Timber] Disabling Timber v1.0.9
[10:47:11] [Server thread/INFO]: [LuckPerms] Disabling LuckPerms v5.3.40
[10:47:11] [Server thread/INFO]: [LuckPerms] Starting shutdown process...
[10:47:11] [Server thread/INFO]: [LuckPerms] Closing storage...
[10:47:11] [Server thread/INFO]: [LuckPerms] Goodbye!
[10:47:11] [Server thread/INFO]: Saving players
[10:47:12] [Server thread/INFO]: Saving worlds
[10:47:12] [Server thread/INFO]: Saving chunks for level 'ServerLevel[world]'/minecraft:overworld
[10:47:12] [Server thread/INFO]: ThreadedAnvilChunkStorage (world): All chunks are saved
[10:47:12] [Server thread/INFO]: Saving chunks for level 'ServerLevel[world_nether]'/minecraft:the_nether
[10:47:12] [Server thread/INFO]: ThreadedAnvilChunkStorage (DIM-1): All chunks are saved
[10:47:12] [Server thread/INFO]: Saving chunks for level 'ServerLevel[world_the_end]'/minecraft:the_end
[10:47:13] [Server thread/INFO]: ThreadedAnvilChunkStorage (DIM1): All chunks are saved
[10:47:13] [Server thread/INFO]: ThreadedAnvilChunkStorage (world): All chunks are saved
[10:47:13] [Server thread/INFO]: ThreadedAnvilChunkStorage (DIM-1): All chunks are saved
[10:47:13] [Server thread/INFO]: ThreadedAnvilChunkStorage (DIM1): All chunks are saved
